C:\USERS\SHO3LA\DESKTOP\MYPRO\DEBUG\MYPRO.BSC
C:\USERS\SHO3LA\DESKTOP\MYPRO\MYPRO\DEBUG\SCENECONTEXT.SBR
C:\USERS\SHO3LA\DESKTOP\MYPRO\MYPRO\DEBUG\SCENECACHE.SBR
C:\USERS\SHO3LA\DESKTOP\MYPRO\MYPRO\DEBUG\MAIN.SBR
C:\USERS\SHO3LA\DESKTOP\MYPRO\MYPRO\DEBUG\GLFUNCTIONS.SBR
C:\USERS\SHO3LA\DESKTOP\MYPRO\MYPRO\DEBUG\GETPOSITION.SBR
C:\USERS\SHO3LA\DESKTOP\MYPRO\MYPRO\DEBUG\DRAWSCENE.SBR
C:\USERS\SHO3LA\DESKTOP\MYPRO\MYPRO\DEBUG\COMMON.SBR
C:\USERS\SHO3LA\DESKTOP\MYPRO\MYPRO\DEBUG\COMMON.OBJ
C:\USERS\SHO3LA\DESKTOP\MYPRO\MYPRO\DEBUG\DRAWSCENE.OBJ
C:\USERS\SHO3LA\DESKTOP\MYPRO\MYPRO\DEBUG\GETPOSITION.OBJ
C:\USERS\SHO3LA\DESKTOP\MYPRO\MYPRO\DEBUG\GLFUNCTIONS.OBJ
C:\USERS\SHO3LA\DESKTOP\MYPRO\MYPRO\DEBUG\MAIN.OBJ
C:\USERS\SHO3LA\DESKTOP\MYPRO\MYPRO\DEBUG\SCENECACHE.OBJ
C:\USERS\SHO3LA\DESKTOP\MYPRO\MYPRO\DEBUG\SCENECONTEXT.OBJ
C:\USERS\SHO3LA\DESKTOP\MYPRO\MYPRO\DEBUG\VC110.PDB
C:\USERS\SHO3LA\DESKTOP\MYPRO\MYPRO\DEBUG\TARGA.SBR
C:\USERS\SHO3LA\DESKTOP\MYPRO\MYPRO\DEBUG\TARGA.OBJ
C:\USERS\SHO3LA\DESKTOP\MYPRO\DEBUG\MYPRO.EXE
C:\USERS\SHO3LA\DESKTOP\MYPRO\DEBUG\MYPRO.PDB
C:\Users\Sho3la\Desktop\mypro\mypro\Debug\Common.obj
C:\Users\Sho3la\Desktop\mypro\mypro\Debug\DrawScene.obj
C:\Users\Sho3la\Desktop\mypro\mypro\Debug\GetPosition.obj
C:\Users\Sho3la\Desktop\mypro\mypro\Debug\GlFunctions.obj
C:\Users\Sho3la\Desktop\mypro\mypro\Debug\main.obj
C:\Users\Sho3la\Desktop\mypro\mypro\Debug\SceneCache.obj
C:\Users\Sho3la\Desktop\mypro\mypro\Debug\SceneContext.obj
C:\Users\Sho3la\Desktop\mypro\mypro\Debug\targa.obj
C:\Users\Sho3la\Desktop\mypro\mypro\Debug\BscMake.command.1.tlog
C:\Users\Sho3la\Desktop\mypro\mypro\Debug\bscmake.read.1.tlog
C:\Users\Sho3la\Desktop\mypro\mypro\Debug\BscMake.write.1.tlog
C:\Users\Sho3la\Desktop\mypro\mypro\Debug\cl.command.1.tlog
C:\Users\Sho3la\Desktop\mypro\mypro\Debug\CL.read.1.tlog
C:\Users\Sho3la\Desktop\mypro\mypro\Debug\CL.write.1.tlog
C:\Users\Sho3la\Desktop\mypro\mypro\Debug\link-cvtres.read.1.tlog
C:\Users\Sho3la\Desktop\mypro\mypro\Debug\link-cvtres.write.1.tlog
C:\Users\Sho3la\Desktop\mypro\mypro\Debug\link-rc.read.1.tlog
C:\Users\Sho3la\Desktop\mypro\mypro\Debug\link-rc.write.1.tlog
C:\Users\Sho3la\Desktop\mypro\mypro\Debug\link.command.1.tlog
C:\Users\Sho3la\Desktop\mypro\mypro\Debug\link.read.1.tlog
C:\Users\Sho3la\Desktop\mypro\mypro\Debug\link.write.1.tlog
C:\Users\Sho3la\Desktop\mypro\mypro\Debug\vc110.idb
C:\Users\Sho3la\Desktop\mypro\mypro\Debug\vc110.pdb
C:\Users\Sho3la\Desktop\mypro\mypro\Debug\Common.sbr
C:\Users\Sho3la\Desktop\mypro\mypro\Debug\DrawScene.sbr
C:\Users\Sho3la\Desktop\mypro\mypro\Debug\GetPosition.sbr
C:\Users\Sho3la\Desktop\mypro\mypro\Debug\GlFunctions.sbr
C:\Users\Sho3la\Desktop\mypro\mypro\Debug\main.sbr
C:\Users\Sho3la\Desktop\mypro\mypro\Debug\SceneCache.sbr
C:\Users\Sho3la\Desktop\mypro\mypro\Debug\SceneContext.sbr
C:\Users\Sho3la\Desktop\mypro\mypro\Debug\targa.sbr
C:\Users\Sho3la\Desktop\mypro\Debug\mypro.pdb
C:\Users\Sho3la\Desktop\mypro\Debug\mypro.exe
C:\Users\Sho3la\Desktop\mypro\Debug\mypro.bsc
